<?xml version="1.0" encoding="UTF-8"?>
<testsuite name="Tests" tests="3" errors="0" failures="1" skipped="0" time="13.938" timestamp="2023-09-07T15:01:39.822000">
<testsuite name="Footer-Tests" tests="1" errors="0" failures="0" skipped="0" time="6.746" timestamp="2023-09-07T15:01:39.838000">
<testcase classname="Tests.Footer-Tests" name="Verify Presence Of Social Links" time="6.021">
</testcase>
</testsuite>
<testsuite name="Homepage-Tests" tests="2" errors="0" failures="1" skipped="0" time="7.164" timestamp="2023-09-07T15:01:46.590000">
<testcase classname="Tests.Homepage-Tests" name="Verify Presence Of Header Links" time="2.894">
</testcase>
<testcase classname="Tests.Homepage-Tests" name="Verify Presence Of Demo Link" time="4.252">
<failure message="Elements states '['detached']' (list) should contain '['visible']' (list)" type="AssertionError"/>
</testcase>
</testsuite>
</testsuite>
